<?xml version="1.0" encoding="UTF-8"?>
<testng-results ignored="0" total="1" passed="1" failed="0" skipped="0">
  <reporter-output>
  </reporter-output>
  <suite started-at="2024-04-02T10:56:02 IST" name="Suite" finished-at="2024-04-02T10:56:12 IST" duration-ms="10574">
    <groups>
    </groups>
    <test started-at="2024-04-02T10:56:02 IST" name="Test" finished-at="2024-04-02T10:56:12 IST" duration-ms="10574">
      <class name="alerts.alertsSel">
        <test-method signature="alertTest()[pri:0, instance:alerts.alertsSel@358c99f5]" started-at="2024-04-02T10:56:02 IST" name="alertTest" finished-at="2024-04-02T10:56:12 IST" duration-ms="10519" status="PASS">
          <reporter-output>
          </reporter-output>
        </test-method> <!-- alertTest -->
      </class> <!-- alerts.alertsSel -->
    </test> <!-- Test -->
  </suite> <!-- Suite -->
</testng-results>
